app/build/outputs/logs/manifest-merger-debug-report.txt
-- Merging decision tree log ---
manifest
ADDED from src/main/AndroidManifest.xml:2:1-25:12
INJECTED from src/main/AndroidManifest.xml:2:1-25:12
INJECTED from src/main/AndroidManifest.xml:2:1-25:12
INJECTED from src/main/AndroidManifest.xml:2:1-25:12
MERGED from [com.android.support:appcompat-v7:26.0.0-beta2] AndroidManifest.xml:17:1-31:12
MERGED from [com.android.support.constraint:constraint-layout:1.0.2] AndroidManifest.xml:2:1-11:12
MERGED from [com.android.support:animated-vector-drawable:26.0.0-beta2] AndroidManifest.xml:17:1-28:12
MERGED from [com.android.support:support-vector-drawable:26.0.0-beta2] AndroidManifest.xml:17:1-28:12
MERGED from [com.android.support:support-v4:26.0.0-beta2] AndroidManifest.xml:17:1-31:12
MERGED from [com.android.support:support-media-compat:26.0.0-beta2] AndroidManifest.xml:17:1-31:12
MERGED from [com.android.support:support-fragment:26.0.0-beta2] AndroidManifest.xml:17:1-31:12
MERGED from [com.android.support:support-core-utils:26.0.0-beta2] AndroidManifest.xml:17:1-31:12
MERGED from [com.android.support:support-core-ui:26.0.0-beta2] AndroidManifest.xml:17:1-31:12
MERGED from [com.android.support:support-compat:26.0.0-beta2] AndroidManifest.xml:17:1-31:12
INJECTED from src/main/AndroidManifest.xml:2:1-25:12
INJECTED from src/main/AndroidManifest.xml:2:1-25:12
INJECTED from src/main/AndroidManifest.xml:2:1-25:12
	package
		ADDED from src/main/AndroidManifest.xml:3:5-34
		INJECTED from src/main/AndroidManifest.xml
		INJECTED from src/main/AndroidManifest.xml
	android:versionName
		INJECTED from src/main/AndroidManifest.xml
		INJECTED from src/main/AndroidManifest.xml
	android:versionCode
		INJECTED from src/main/AndroidManifest.xml
		INJECTED from src/main/AndroidManifest.xml
	xmlns:android
		ADDED from src/main/AndroidManifest.xml:2:11-69
application
ADDED from src/main/AndroidManifest.xml:5:3-23:17
MERGED from [com.android.support:appcompat-v7:26.0.0-beta2] AndroidManifest.xml:25:5-29:19
MERGED from [com.android.support:appcompat-v7:26.0.0-beta2] AndroidManifest.xml:25:5-29:19
MERGED from [com.android.support.constraint:constraint-layout:1.0.2] AndroidManifest.xml:9:5-20
MERGED from [com.android.support.constraint:constraint-layout:1.0.2] AndroidManifest.xml:9:5-20
MERGED from [com.android.support:animated-vector-drawable:26.0.0-beta2] AndroidManifest.xml:22:5-26:19
MERGED from [com.android.support:animated-vector-drawable:26.0.0-beta2] AndroidManifest.xml:22:5-26:19
MERGED from [com.android.support:support-vector-drawable:26.0.0-beta2] AndroidManifest.xml:22:5-26:19
MERGED from [com.android.support:support-vector-drawable:26.0.0-beta2] AndroidManifest.xml:22:5-26:19
MERGED from [com.android.support:support-v4:26.0.0-beta2] AndroidManifest.xml:25:5-29:19
MERGED from [com.android.support:support-v4:26.0.0-beta2] AndroidManifest.xml:25:5-29:19
MERGED from [com.android.support:support-media-compat:26.0.0-beta2] AndroidManifest.xml:25:5-29:19
MERGED from [com.android.support:support-media-compat:26.0.0-beta2] AndroidManifest.xml:25:5-29:19
MERGED from [com.android.support:support-fragment:26.0.0-beta2] AndroidManifest.xml:25:5-29:19
MERGED from [com.android.support:support-fragment:26.0.0-beta2] AndroidManifest.xml:25:5-29:19
MERGED from [com.android.support:support-core-utils:26.0.0-beta2] AndroidManifest.xml:25:5-29:19
MERGED from [com.android.support:support-core-utils:26.0.0-beta2] AndroidManifest.xml:25:5-29:19
MERGED from [com.android.support:support-core-ui:26.0.0-beta2] AndroidManifest.xml:25:5-29:19
MERGED from [com.android.support:support-core-ui:26.0.0-beta2] AndroidManifest.xml:25:5-29:19
MERGED from [com.android.support:support-compat:26.0.0-beta2] AndroidManifest.xml:25:5-29:19
MERGED from [com.android.support:support-compat:26.0.0-beta2] AndroidManifest.xml:25:5-29:19
	android:supportsRtl
		ADDED from src/main/AndroidManifest.xml:10:7-33
	android:label
		ADDED from src/main/AndroidManifest.xml:8:7-39
	android:roundIcon
		ADDED from src/main/AndroidManifest.xml:9:7-52
	android:icon
		ADDED from src/main/AndroidManifest.xml:7:7-41
	android:allowBackup
		ADDED from src/main/AndroidManifest.xml:6:7-33
	android:theme
		ADDED from src/main/AndroidManifest.xml:11:7-38
activity#com.andro.tictactoc.PlayerVsMob
ADDED from src/main/AndroidManifest.xml:12:5-13:16
	android:name
		ADDED from src/main/AndroidManifest.xml:12:15-42
activity#com.andro.tictactoc.StartActivity
ADDED from src/main/AndroidManifest.xml:14:5-20:16
	android:name
		ADDED from src/main/AndroidManifest.xml:14:15-44
intent-filter#android.intent.action.MAIN+android.intent.category.LAUNCHER
ADDED from src/main/AndroidManifest.xml:15:7-19:23
action#android.intent.action.MAIN
ADDED from src/main/AndroidManifest.xml:16:9-60
	android:name
		ADDED from src/main/AndroidManifest.xml:16:17-58
category#android.intent.category.LAUNCHER
ADDED from src/main/AndroidManifest.xml:18:9-68
	android:name
		ADDED from src/main/AndroidManifest.xml:18:19-66
activity#com.andro.tictactoc.PlayerVsPlayer
ADDED from src/main/AndroidManifest.xml:21:5-22:16
	android:name
		ADDED from src/main/AndroidManifest.xml:21:15-45
uses-sdk
INJECTED from src/main/AndroidManifest.xml reason: use-sdk injection requested
INJECTED from src/main/AndroidManifest.xml
INJECTED from src/main/AndroidManifest.xml
MERGED from [com.android.support:appcompat-v7:26.0.0-beta2] AndroidManifest.xml:21:5-23:78
MERGED from [com.android.support:appcompat-v7:26.0.0-beta2] AndroidManifest.xml:21:5-23:78
MERGED from [com.android.support.constraint:constraint-layout:1.0.2] AndroidManifest.xml:5:5-7:41
MERGED from [com.android.support.constraint:constraint-layout:1.0.2] AndroidManifest.xml:5:5-7:41
MERGED from [com.android.support:animated-vector-drawable:26.0.0-beta2] AndroidManifest.xml:20:5-44
MERGED from [com.android.support:animated-vector-drawable:26.0.0-beta2] AndroidManifest.xml:20:5-44
MERGED from [com.android.support:support-vector-drawable:26.0.0-beta2] AndroidManifest.xml:20:5-44
MERGED from [com.android.support:support-vector-drawable:26.0.0-beta2] AndroidManifest.xml:20:5-44
MERGED from [com.android.support:support-v4:26.0.0-beta2] AndroidManifest.xml:21:5-23:54
MERGED from [com.android.support:support-v4:26.0.0-beta2] AndroidManifest.xml:21:5-23:54
MERGED from [com.android.support:support-media-compat:26.0.0-beta2] AndroidManifest.xml:21:5-23:63
MERGED from [com.android.support:support-media-compat:26.0.0-beta2] AndroidManifest.xml:21:5-23:63
MERGED from [com.android.support:support-fragment:26.0.0-beta2] AndroidManifest.xml:21:5-23:60
MERGED from [com.android.support:support-fragment:26.0.0-beta2] AndroidManifest.xml:21:5-23:60
MERGED from [com.android.support:support-core-utils:26.0.0-beta2] AndroidManifest.xml:21:5-23:61
MERGED from [com.android.support:support-core-utils:26.0.0-beta2] AndroidManifest.xml:21:5-23:61
MERGED from [com.android.support:support-core-ui:26.0.0-beta2] AndroidManifest.xml:21:5-23:58
MERGED from [com.android.support:support-core-ui:26.0.0-beta2] AndroidManifest.xml:21:5-23:58
MERGED from [com.android.support:support-compat:26.0.0-beta2] AndroidManifest.xml:21:5-23:58
MERGED from [com.android.support:support-compat:26.0.0-beta2] AndroidManifest.xml:21:5-23:58
INJECTED from src/main/AndroidManifest.xml
INJECTED from src/main/AndroidManifest.xml
	tools:overrideLibrary
		ADDED from [com.android.support:appcompat-v7:26.0.0-beta2] AndroidManifest.xml:23:9-75
	android:targetSdkVersion
		INJECTED from src/main/AndroidManifest.xml
		INJECTED from src/main/AndroidManifest.xml
	android:minSdkVersion
		INJECTED from src/main/AndroidManifest.xml
		INJECTED from src/main/AndroidManifest.xml
meta-data#android.support.VERSION
ADDED from [com.android.support:appcompat-v7:26.0.0-beta2] AndroidManifest.xml:26:9-28:44
MERGED from [com.android.support:animated-vector-drawable:26.0.0-beta2] AndroidManifest.xml:23:9-25:44
MERGED from [com.android.support:animated-vector-drawable:26.0.0-beta2] AndroidManifest.xml:23:9-25:44
MERGED from [com.android.support:support-vector-drawable:26.0.0-beta2] AndroidManifest.xml:23:9-25:44
MERGED from [com.android.support:support-vector-drawable:26.0.0-beta2] AndroidManifest.xml:23:9-25:44
MERGED from [com.android.support:support-v4:26.0.0-beta2] AndroidManifest.xml:26:9-28:44
MERGED from [com.android.support:support-v4:26.0.0-beta2] AndroidManifest.xml:26:9-28:44
MERGED from [com.android.support:support-media-compat:26.0.0-beta2] AndroidManifest.xml:26:9-28:44
MERGED from [com.android.support:support-media-compat:26.0.0-beta2] AndroidManifest.xml:26:9-28:44
MERGED from [com.android.support:support-fragment:26.0.0-beta2] AndroidManifest.xml:26:9-28:44
MERGED from [com.android.support:support-fragment:26.0.0-beta2] AndroidManifest.xml:26:9-28:44
MERGED from [com.android.support:support-core-utils:26.0.0-beta2] AndroidManifest.xml:26:9-28:44
MERGED from [com.android.support:support-core-utils:26.0.0-beta2] AndroidManifest.xml:26:9-28:44
MERGED from [com.android.support:support-core-ui:26.0.0-beta2] AndroidManifest.xml:26:9-28:44
MERGED from [com.android.support:support-core-ui:26.0.0-beta2] AndroidManifest.xml:26:9-28:44
MERGED from [com.android.support:support-compat:26.0.0-beta2] AndroidManifest.xml:26:9-28:44
MERGED from [com.android.support:support-compat:26.0.0-beta2] AndroidManifest.xml:26:9-28:44
	android:value
		ADDED from [com.android.support:appcompat-v7:26.0.0-beta2] AndroidManifest.xml:28:13-41
	android:name
		ADDED from [com.android.support:appcompat-v7:26.0.0-beta2] AndroidManifest.xml:27:13-51